<?xml version="1.0" encoding="UTF-8"?>
<!-- Generated by org.testng.reporters.JUnitXMLReporter -->
<testsuite ignored="0" hostname="DESKTOP-CFSKSBJ" failures="1" tests="5" name="Test" time="60.818" errors="0" timestamp="2024-11-18T22:28:54 IST">
  <testcase classname="testCases.TC003_LoginDDT" name="verify_loginDDT" time="10.737">
    <failure type="java.lang.AssertionError" message="expected [true] but found [false]">
      <![CDATA[java.lang.AssertionError: expected [true] but found [false]
at testCases.TC003_LoginDDT.verify_loginDDT(TC003_LoginDDT.java:38)
at java.base/java.util.ArrayList.forEach(ArrayList.java:1596)
... Removed 29 stack frames]]>
    </failure>
  </testcase> <!-- verify_loginDDT -->
  <testcase classname="testCases.TC003_LoginDDT" name="verify_loginDDT" time="10.606"/>
  <testcase classname="testCases.TC003_LoginDDT" name="verify_loginDDT" time="10.56"/>
  <testcase classname="testCases.TC003_LoginDDT" name="verify_loginDDT" time="10.564"/>
  <testcase classname="testCases.TC003_LoginDDT" name="verify_loginDDT" time="10.536"/>
</testsuite> <!-- Test -->
